DEBUG main org.springframework.beans.factory.support.DefaultListableBeanFactory - Finished creating instance of bean 'hdfsIndexDAO'
  DEBUG main org.springframework.beans.factory.support.DefaultListableBeanFactory - Creating shared instance of singleton bean 'triggerJobDAO'
  DEBUG main org.springframework.beans.factory.support.DefaultListableBeanFactory - Creating instance of bean 'triggerJobDAO'
  DEBUG main org.springframework.beans.factory.support.DefaultListableBeanFactory - Eagerly caching bean 'triggerJobDAO' to allow for resolving potential circular references
  DEBUG main org.springframework.beans.factory.support.DefaultListableBeanFactory - Returning cached instance of singleton bean 'terminatorTriggerBizDalDatasource'
  DEBUG main org.springframework.beans.factory.support.DefaultListableBeanFactory - Creating instance of bean 'org.springframework.orm.ibatis.SqlMapClientFactoryBean#3551a94#1'
  DEBUG main org.springframework.beans.factory.support.DefaultListableBeanFactory - Invoking afterPropertiesSet() on bean with name 'org.springframework.orm.ibatis.SqlMapClientFactoryBean#3551a94#1'
  DEBUG main org.springframework.beans.factory.support.DefaultListableBeanFactory - Finished creating instance of bean 'org.springframework.orm.ibatis.SqlMapClientFactoryBean#3551a94#1'
  DEBUG main org.springframework.beans.factory.support.DefaultListableBeanFactory - Invoking afterPropertiesSet() on bean with name 'triggerJobDAO'
  DEBUG main org.springframework.beans.factory.support.DefaultListableBeanFactory - Finished creating instance of bean 'triggerJobDAO'
  DEBUG main org.springframework.beans.factory.support.DefaultListableBeanFactory - Creating shared instance of singleton bean 'taskExecLogDAO'
  DEBUG main org.springframework.beans.factory.support.DefaultListableBeanFactory - Creating instance of bean 'taskExecLogDAO'
  DEBUG main org.springframework.beans.factory.support.DefaultListableBeanFactory - Eagerly caching bean 'taskExecLogDAO' to allow for resolving potential circular references
  DEBUG main org.springframework.beans.factory.support.DefaultListableBeanFactory - Returning cached instance of singleton bean 'terminatorTriggerBizDalDatasource'
  DEBUG main org.springframework.beans.factory.support.DefaultListableBeanFactory - Creating instance of bean 'org.springframework.orm.ibatis.SqlMapClientFactoryBean#3551a94#2'
  DEBUG main org.springframework.beans.factory.support.DefaultListableBeanFactory - Invoking afterPropertiesSet() on bean with name 'org.springframework.orm.ibatis.SqlMapClientFactoryBean#3551a94#2'
  DEBUG main org.springframework.beans.factory.support.DefaultListableBeanFactory - Finished creating instance of bean 'org.springframework.orm.ibatis.SqlMapClientFactoryBean#3551a94#2'
  DEBUG main org.springframework.beans.factory.support.DefaultListableBeanFactory - Invoking afterPropertiesSet() on bean with name 'taskExecLogDAO'
  DEBUG main org.springframework.beans.factory.support.DefaultListableBeanFactory - Finished creating instance of bean 'taskExecLogDAO'
  DEBUG main org.springframework.beans.factory.support.DefaultListableBeanFactory - Creating shared instance of singleton bean 'taskDAO'
  DEBUG main org.springframework.beans.factory.support.DefaultListableBeanFactory - Creating instance of bean 'taskDAO'
  DEBUG main org.springframework.beans.factory.support.DefaultListableBeanFactory - Eagerly caching bean 'taskDAO' to allow for resolving potential circular references
  DEBUG main org.springframework.beans.factory.support.DefaultListableBeanFactory - Returning cached instance of singleton bean 'terminatorTriggerBizDalDatasource'
  DEBUG main org.springframework.beans.factory.support.DefaultListableBeanFactory - Creating instance of bean 'org.springframework.orm.ibatis.SqlMapClientFactoryBean#3551a94#3'
  DEBUG main org.springframework.beans.factory.support.DefaultListableBeanFactory - Invoking afterPropertiesSet() on bean with name 'org.springframework.orm.ibatis.SqlMapClientFactoryBean#3551a94#3'
  DEBUG main org.springframework.beans.factory.support.DefaultListableBeanFactory - Finished creating instance of bean 'org.springframework.orm.ibatis.SqlMapClientFactoryBean#3551a94#3'
  DEBUG main org.springframework.beans.factory.support.DefaultListableBeanFactory - Invoking afterPropertiesSet() on bean with name 'taskDAO'
  DEBUG main org.springframework.beans.factory.support.DefaultListableBeanFactory - Finished creating instance of bean 'taskDAO'
  DEBUG main org.springframework.beans.factory.support.DefaultListableBeanFactory - Creating shared instance of singleton bean 'terminatorTriggerBizDalDaoFacade'
  DEBUG main org.springframework.beans.factory.support.DefaultListableBeanFactory - Creating instance of bean 'terminatorTriggerBizDalDaoFacade'
  DEBUG main org.springframework.beans.factory.support.DefaultListableBeanFactory - Returning cached instance of singleton bean 'triggerJobDAO'
  DEBUG main org.springframework.beans.factory.support.DefaultListableBeanFactory - Returning cached instance of singleton bean 'taskExecLogDAO'
  DEBUG main org.springframework.beans.factory.support.DefaultListableBeanFactory - Returning cached instance of singleton bean 'taskDAO'
  DEBUG main org.springframework.beans.factory.support.DefaultListableBeanFactory - Eagerly caching bean 'terminatorTriggerBizDalDaoFacade' to allow for resolving potential circular references
  DEBUG main org.springframework.beans.factory.support.DefaultListableBeanFactory - Finished creating instance of bean 'terminatorTriggerBizDalDaoFacade'
  DEBUG main org.springframework.beans.factory.support.DefaultListableBeanFactory - Creating shared instance of singleton bean 'jobMetaDataDAO'
  DEBUG main org.springframework.beans.factory.support.DefaultListableBeanFactory - Creating instance of bean 'jobMetaDataDAO'
  DEBUG main org.springframework.beans.factory.support.DefaultListableBeanFactory - Eagerly caching bean 'jobMetaDataDAO' to allow for resolving potential circular references
  DEBUG main org.springframework.beans.factory.support.DefaultListableBeanFactory - Creating shared instance of singleton bean 'endSearchDatasource'
  DEBUG main org.springframework.beans.factory.support.DefaultListableBeanFactory - Creating instance of bean 'endSearchDatasource'
  DEBUG main org.springframework.beans.factory.support.DefaultListableBeanFactory - Eagerly caching bean 'endSearchDatasource' to allow for resolving potential circular references
  DEBUG main org.springframework.beans.factory.support.DefaultListableBeanFactory - Finished creating instance of bean 'endSearchDatasource'
  DEBUG main org.springframework.beans.factory.support.DefaultListableBeanFactory - Invoking afterPropertiesSet() on bean with name 'jobMetaDataDAO'
  DEBUG main org.springframework.beans.factory.support.DefaultListableBeanFactory - Finished creating instance of bean 'jobMetaDataDAO'
  DEBUG main org.springframework.beans.factory.support.DefaultListableBeanFactory - Returning cached instance of singleton bean 'endSearchDatasource'
  DEBUG main org.springframework.beans.factory.support.DefaultListableBeanFactory - Returning cached instance of singleton bean 'terminatorTriggerBizDalDatasource'
  DEBUG main org.springframework.context.support.ClassPathXmlApplicationContext - Unable to locate LifecycleProcessor with name 'lifecycleProcessor': using default [org.springframework.context.support.DefaultLifecycleProcessor@51b7e5df]
  DEBUG main org.springframework.beans.factory.support.DefaultListableBeanFactory - Returning cached instance of singleton bean 'lifecycleProcessor'
  DEBUG main org.springframework.beans.factory.support.DefaultListableBeanFactory - Returning cached instance of singleton bean 'jobMetaDataDAO'
  DEBUG main org.springframework.jdbc.datasource.DataSourceUtils - Fetching JDBC Connection from DataSource
  DEBUG main org.springframework.beans.factory.support.DefaultListableBeanFactory - Returning cached instance of singleton bean 'terminatorTriggerBizDalDaoFacade'
  DEBUG main org.springframework.orm.ibatis.SqlMapClientTemplate - Opened SqlMapSession [com.ibatis.sqlmap.engine.impl.SqlMapSessionImpl@2ddc8ecb] for iBATIS operation
  DEBUG main org.springframework.jdbc.datasource.DataSourceUtils - Fetching JDBC Connection from DataSource
  INFO main org.springframework.context.support.ClassPathXmlApplicationContext - Refreshing org.springframework.context.support.ClassPathXmlApplicationContext@45b9a632: startup date [Wed Feb 15 18:07:28 CST 2017]; root of context hierarchy
  INFO main org.springframework.beans.factory.xml.XmlBeanDefinitionReader - Loading XML bean definitions from class path resource [conf/terminatorTriggerBizDal-dao-context.xml]
  DEBUG main org.springframework.beans.factory.xml.DefaultDocumentLoader - Using JAXP provider [com.sun.org.apache.xerces.internal.jaxp.DocumentBuilderFactoryImpl]
  DEBUG main org.springframework.beans.factory.xml.BeansDtdResolver - Found beans DTD [http://www.springframework.org/dtd/spring-beans.dtd] in classpath: spring-beans.dtd
  DEBUG main org.springframework.beans.factory.xml.DefaultBeanDefinitionDocumentReader - Loading bean definitions
  DEBUG main org.springframework.beans.factory.xml.BeanDefinitionParserDelegate - Neither XML 'id' nor 'name' specified - using generated bean name [org.springframework.orm.ibatis.SqlMapClientFactoryBean#54c562f7]
  DEBUG main org.springframework.beans.factory.xml.XmlBeanDefinitionReader - Loaded 6 bean definitions from location pattern [/conf/terminatorTriggerBizDal-dao-context.xml]
  INFO main org.springframework.beans.factory.xml.XmlBeanDefinitionReader - Loading XML bean definitions from class path resource [jobtrigger-datasource-context.xml]
  DEBUG main org.springframework.beans.factory.xml.DefaultDocumentLoader - Using JAXP provider [com.sun.org.apache.xerces.internal.jaxp.DocumentBuilderFactoryImpl]
  DEBUG main org.springframework.beans.factory.xml.BeansDtdResolver - Found beans DTD [http://www.springframework.org/dtd/spring-beans.dtd] in classpath: spring-beans.dtd
  DEBUG main org.springframework.beans.factory.xml.DefaultBeanDefinitionDocumentReader - Loading bean definitions
  DEBUG main org.springframework.beans.factory.xml.XmlBeanDefinitionReader - Loaded 1 bean definitions from location pattern [/jobtrigger-datasource-context.xml]
  DEBUG main org.springframework.context.support.ClassPathXmlApplicationContext - Bean factory for org.springframework.context.support.ClassPathXmlApplicationContext@45b9a632: org.springframework.beans.factory.support.DefaultListableBeanFactory@2f112965: defining beans [hdfsIndexDAO,triggerJobDAO,taskExecLogDAO,taskDAO,terminatorTriggerBizDalDAO,terminatorTriggerBizDalDaoFacade,terminatorTriggerBizDalDatasource]; root of factory hierarchy
  DEBUG main org.springframework.context.support.ClassPathXmlApplicationContext - Unable to locate MessageSource with name 'messageSource': using default [org.springframework.context.support.DelegatingMessageSource@4e91d63f]
  DEBUG main org.springframework.context.support.ClassPathXmlApplicationContext - Unable to locate ApplicationEventMulticaster with name 'applicationEventMulticaster': using default [org.springframework.context.event.SimpleApplicationEventMulticaster@d4342c2]
  INFO main org.springframework.beans.factory.support.DefaultListableBeanFactory - Pre-instantiating singletons in org.springframework.beans.factory.support.DefaultListableBeanFactory@2f112965: defining beans [hdfsIndexDAO,triggerJobDAO,taskExecLogDAO,taskDAO,terminatorTriggerBizDalDAO,terminatorTriggerBizDalDaoFacade,terminatorTriggerBizDalDatasource]; root of factory hierarchy
  DEBUG main org.springframework.beans.factory.support.DefaultListableBeanFactory - Creating shared instance of singleton bean 'hdfsIndexDAO'
  DEBUG main org.springframework.beans.factory.support.DefaultListableBeanFactory - Creating instance of bean 'hdfsIndexDAO'
  DEBUG main org.springframework.beans.factory.support.DefaultListableBeanFactory - Eagerly caching bean 'hdfsIndexDAO' to allow for resolving potential circular references
  DEBUG main org.springframework.beans.factory.support.DefaultListableBeanFactory - Creating shared instance of singleton bean 'terminatorTriggerBizDalDatasource'
  DEBUG main org.springframework.beans.factory.support.DefaultListableBeanFactory - Creating instance of bean 'terminatorTriggerBizDalDatasource'
  DEBUG main org.springframework.beans.factory.support.DefaultListableBeanFactory - Eagerly caching bean 'terminatorTriggerBizDalDatasource' to allow for resolving potential circular references
  DEBUG main org.springframework.beans.factory.support.DefaultListableBeanFactory - Finished creating instance of bean 'terminatorTriggerBizDalDatasource'
  DEBUG main org.springframework.beans.factory.support.DefaultListableBeanFactory - Creating instance of bean 'org.springframework.orm.ibatis.SqlMapClientFactoryBean#54c562f7'
  DEBUG main org.springframework.beans.factory.support.DefaultListableBeanFactory - Invoking afterPropertiesSet() on bean with name 'org.springframework.orm.ibatis.SqlMapClientFactoryBean#54c562f7'
  DEBUG main org.springframework.beans.factory.support.DefaultListableBeanFactory - Finished creating instance of bean 'org.springframework.orm.ibatis.SqlMapClientFactoryBean#54c562f7'
  DEBUG main org.springframework.beans.factory.support.DefaultListableBeanFactory - Invoking afterPropertiesSet() on bean with name 'hdfsIndexDAO'
  DEBUG main org.springframework.beans.factory.support.DefaultListableBeanFactory - Finished creating instance of bean 'hdfsIndexDAO'
  DEBUG main org.springframework.beans.factory.support.DefaultListableBeanFactory - Creating shared instance of singleton bean 'triggerJobDAO'
  DEBUG main org.springframework.beans.factory.support.DefaultListableBeanFactory - Creating instance of bean 'triggerJobDAO'
  DEBUG main org.springframework.beans.factory.support.DefaultListableBeanFactory - Eagerly caching bean 'triggerJobDAO' to allow for resolving potential circular references
  DEBUG main org.springframework.beans.factory.support.DefaultListableBeanFactory - Returning cached instance of singleton bean 'terminatorTriggerBizDalDatasource'
  DEBUG main org.springframework.beans.factory.support.DefaultListableBeanFactory - Creating instance of bean 'org.springframework.orm.ibatis.SqlMapClientFactoryBean#54c562f7#1'
  DEBUG main org.springframework.beans.factory.support.DefaultListableBeanFactory - Invoking afterPropertiesSet() on bean with name 'org.springframework.orm.ibatis.SqlMapClientFactoryBean#54c562f7#1'
  DEBUG main org.springframework.beans.factory.support.DefaultListableBeanFactory - Finished creating instance of bean 'org.springframework.orm.ibatis.SqlMapClientFactoryBean#54c562f7#1'
  DEBUG main org.springframework.beans.factory.support.DefaultListableBeanFactory - Invoking afterPropertiesSet() on bean with name 'triggerJobDAO'
  DEBUG main org.springframework.beans.factory.support.DefaultListableBeanFactory - Finished creating instance of bean 'triggerJobDAO'
  DEBUG main org.springframework.beans.factory.support.DefaultListableBeanFactory - Creating shared instance of singleton bean 'taskExecLogDAO'
  DEBUG main org.springframework.beans.factory.support.DefaultListableBeanFactory - Creating instance of bean 'taskExecLogDAO'
  DEBUG main org.springframework.beans.factory.support.DefaultListableBeanFactory - Eagerly caching bean 'taskExecLogDAO' to allow for resolving potential circular references
  DEBUG main org.springframework.beans.factory.support.DefaultListableBeanFactory - Returning cached instance of singleton bean 'terminatorTriggerBizDalDatasource'
  DEBUG main org.springframework.beans.factory.support.DefaultListableBeanFactory - Creating instance of bean 'org.springframework.orm.ibatis.SqlMapClientFactoryBean#54c562f7#2'
  DEBUG main org.springframework.beans.factory.support.DefaultListableBeanFactory - Invoking afterPropertiesSet() on bean with name 'org.springframework.orm.ibatis.SqlMapClientFactoryBean#54c562f7#2'
  DEBUG main org.springframework.beans.factory.support.DefaultListableBeanFactory - Finished creating instance of bean 'org.springframework.orm.ibatis.SqlMapClientFactoryBean#54c562f7#2'
  DEBUG main org.springframework.beans.factory.support.DefaultListableBeanFactory - Invoking afterPropertiesSet() on bean with name 'taskExecLogDAO'
  DEBUG main org.springframework.beans.factory.support.DefaultListableBeanFactory - Finished creating instance of bean 'taskExecLogDAO'
  DEBUG main org.springframework.beans.factory.support.DefaultListableBeanFactory - Creating shared instance of singleton bean 'taskDAO'
  DEBUG main org.springframework.beans.factory.support.DefaultListableBeanFactory - Creating instance of bean 'taskDAO'
  DEBUG main org.springframework.beans.factory.support.DefaultListableBeanFactory - Eagerly caching bean 'taskDAO' to allow for resolving potential circular references
  DEBUG main org.springframework.beans.factory.support.DefaultListableBeanFactory - Returning cached instance of singleton bean 'terminatorTriggerBizDalDatasource'
  DEBUG main org.springframework.beans.factory.support.DefaultListableBeanFactory - Creating instance of bean 'org.springframework.orm.ibatis.SqlMapClientFactoryBean#54c562f7#3'
  DEBUG main org.springframework.beans.factory.support.DefaultListableBeanFactory - Invoking afterPropertiesSet() on bean with name 'org.springframework.orm.ibatis.SqlMapClientFactoryBean#54c562f7#3'
  DEBUG main org.springframework.beans.factory.support.DefaultListableBeanFactory - Finished creating instance of bean 'org.springframework.orm.ibatis.SqlMapClientFactoryBean#54c562f7#3'
  DEBUG main org.springframework.beans.factory.support.DefaultListableBeanFactory - Invoking afterPropertiesSet() on bean with name 'taskDAO'
  DEBUG main org.springframework.beans.factory.support.DefaultListableBeanFactory - Finished creating instance of bean 'taskDAO'
  DEBUG main org.springframework.beans.factory.support.DefaultListableBeanFactory - Creating shared instance of singleton bean 'terminatorTriggerBizDalDaoFacade'
  DEBUG main org.springframework.beans.factory.support.DefaultListableBeanFactory - Creating instance of bean 'terminatorTriggerBizDalDaoFacade'
  DEBUG main org.springframework.beans.factory.support.DefaultListableBeanFactory - Returning cached instance of singleton bean 'triggerJobDAO'
  DEBUG main org.springframework.beans.factory.support.DefaultListableBeanFactory - Returning cached instance of singleton bean 'taskExecLogDAO'
  DEBUG main org.springframework.beans.factory.support.DefaultListableBeanFactory - Returning cached instance of singleton bean 'taskDAO'
  DEBUG main org.springframework.beans.factory.support.DefaultListableBeanFactory - Eagerly caching bean 'terminatorTriggerBizDalDaoFacade' to allow for resolving potential circular references
  DEBUG main org.springframework.beans.factory.support.DefaultListableBeanFactory - Finished creating instance of bean 'terminatorTriggerBizDalDaoFacade'
  DEBUG main org.springframework.beans.factory.support.DefaultListableBeanFactory - Returning cached instance of singleton bean 'terminatorTriggerBizDalDatasource'
  DEBUG main org.springframework.context.support.ClassPathXmlApplicationContext - Unable to locate LifecycleProcessor with name 'lifecycleProcessor': using default [org.springframework.context.support.DefaultLifecycleProcessor@3aefe5e5]
  DEBUG main org.springframework.beans.factory.support.DefaultListableBeanFactory - Returning cached instance of singleton bean 'lifecycleProcessor'
  DEBUG main org.springframework.beans.factory.support.DefaultListableBeanFactory - Returning cached instance of singleton bean 'terminatorTriggerBizDalDaoFacade'
  DEBUG main org.springframework.orm.ibatis.SqlMapClientTemplate - Opened SqlMapSession [com.ibatis.sqlmap.engine.impl.SqlMapSessionImpl@149e0f5d] for iBATIS operation
  DEBUG main org.springframework.jdbc.datasource.DataSourceUtils - Fetching JDBC Connection from DataSource
  INFO main org.springframework.context.support.ClassPathXmlApplicationContext - Refreshing org.springframework.context.support.ClassPathXmlApplicationContext@7bfcd12c: startup date [Tue Feb 28 12:06:57 CST 2017]; root of context hierarchy
  INFO main org.springframework.beans.factory.xml.XmlBeanDefinitionReader - Loading XML bean definitions from class path resource [conf/terminatorTriggerBizDal-dao-context.xml]
  DEBUG main org.springframework.beans.factory.xml.DefaultDocumentLoader - Using JAXP provider [com.sun.org.apache.xerces.internal.jaxp.DocumentBuilderFactoryImpl]
  DEBUG main org.springframework.beans.factory.xml.BeansDtdResolver - Found beans DTD [http://www.springframework.org/dtd/spring-beans.dtd] in classpath: spring-beans.dtd
  DEBUG main org.springframework.beans.factory.xml.DefaultBeanDefinitionDocumentReader - Loading bean definitions
  DEBUG main org.springframework.beans.factory.xml.BeanDefinitionParserDelegate - Neither XML 'id' nor 'name' specified - using generated bean name [org.springframework.orm.ibatis.SqlMapClientFactoryBean#52af6cff]
  DEBUG main org.springframework.beans.factory.xml.XmlBeanDefinitionReader - Loaded 6 bean definitions from location pattern [/conf/terminatorTriggerBizDal-dao-context.xml]
  INFO main org.springframework.beans.factory.xml.XmlBeanDefinitionReader - Loading XML bean definitions from class path resource [conf/terminator-job-trigger-relation-context.xml]
  DEBUG main org.springframework.beans.factory.xml.DefaultDocumentLoader - Using JAXP provider [com.sun.org.apache.xerces.internal.jaxp.DocumentBuilderFactoryImpl]
  DEBUG main org.springframework.beans.factory.xml.BeansDtdResolver - Found beans DTD [http://www.springframework.org/dtd/spring-beans.dtd] in classpath: spring-beans.dtd
  DEBUG main org.springframework.beans.factory.xml.DefaultBeanDefinitionDocumentReader - Loading bean definitions
  DEBUG main org.springframework.beans.factory.xml.XmlBeanDefinitionReader - Loaded 1 bean definitions from location pattern [/conf/terminator-job-trigger-relation-context.xml]
  INFO main org.springframework.beans.factory.xml.XmlBeanDefinitionReader - Loading XML bean definitions from class path resource [test-context.xml]
  DEBUG main org.springframework.beans.factory.xml.DefaultDocumentLoader - Using JAXP provider [com.sun.org.apache.xerces.internal.jaxp.DocumentBuilderFactoryImpl]
  DEBUG main org.springframework.beans.factory.xml.BeansDtdResolver - Found beans DTD [http://www.springframework.org/dtd/spring-beans.dtd] in classpath: spring-beans.dtd
  DEBUG main org.springframework.beans.factory.xml.DefaultBeanDefinitionDocumentReader - Loading bean definitions
  DEBUG main org.springframework.beans.factory.xml.XmlBeanDefinitionReader - Loaded 1 bean definitions from location pattern [/test-context.xml]
  INFO main org.springframework.beans.factory.xml.XmlBeanDefinitionReader - Loading XML bean definitions from class path resource [jobtrigger-datasource-context.xml]
  DEBUG main org.springframework.beans.factory.xml.DefaultDocumentLoader - Using JAXP provider [com.sun.org.apache.xerces.internal.jaxp.DocumentBuilderFactoryImpl]
  DEBUG main org.springframework.beans.factory.xml.BeansDtdResolver - Found beans DTD [http://www.springframework.org/dtd/spring-beans.dtd] in classpath: spring-beans.dtd
  DEBUG main org.springframework.beans.factory.xml.DefaultBeanDefinitionDocumentReader - Loading bean definitions
  DEBUG main org.springframework.beans.factory.xml.XmlBeanDefinitionReader - Loaded 1 bean definitions from location pattern [/jobtrigger-datasource-context.xml]
  DEBUG main org.springframework.context.support.ClassPathXmlApplicationContext - Bean factory for org.springframework.context.support.ClassPathXmlApplicationContext@7bfcd12c: org.springframework.beans.factory.support.DefaultListableBeanFactory@59e84876: defining beans [hdfsIndexDAO,triggerJobDAO,taskExecLogDAO,taskDAO,terminatorTriggerBizDalDAO,terminatorTriggerBizDalDaoFacade,jobMetaDataDAO,endSearchDatasource,terminatorTriggerBizDalDatasource]; root of factory hierarchy
  DEBUG main org.springframework.context.support.ClassPathXmlApplicationContext - Unable to locate MessageSource with name 'messageSource': using default [org.springframework.context.support.DelegatingMessageSource@3532ec19]
  DEBUG main org.springframework.context.support.ClassPathXmlApplicationContext - Unable to locate ApplicationEventMulticaster with name 'applicationEventMulticaster': using default [org.springframework.context.event.SimpleApplicationEventMulticaster@1bce4f0a]
  INFO main org.springframework.beans.factory.support.DefaultListableBeanFactory - Pre-instantiating singletons in org.springframework.beans.factory.support.DefaultListableBeanFactory@59e84876: defining beans [hdfsIndexDAO,triggerJobDAO,taskExecLogDAO,taskDAO,terminatorTriggerBizDalDAO,terminatorTriggerBizDalDaoFacade,jobMetaDataDAO,endSearchDatasource,terminatorTriggerBizDalDatasource]; root of factory hierarchy
  DEBUG main org.springframework.beans.factory.support.DefaultListableBeanFactory - Creating shared instance of singleton bean 'hdfsIndexDAO'
  DEBUG main org.springframework.beans.factory.support.DefaultListableBeanFactory - Creating instance of bean 'hdfsIndexDAO'
  DEBUG main org.springframework.beans.factory.support.DefaultListableBeanFactory - Eagerly caching bean 'hdfsIndexDAO' to allow for resolving potential circular references
  DEBUG main org.springframework.beans.factory.support.DefaultListableBeanFactory - Creating shared instance of singleton bean 'terminatorTriggerBizDalDatasource'
  DEBUG main org.springframework.beans.factory.support.DefaultListableBeanFactory - Creating instance of bean 'terminatorTriggerBizDalDatasource'
  DEBUG main org.springframework.beans.factory.support.DefaultListableBeanFactory - Eagerly caching bean 'terminatorTriggerBizDalDatasource' to allow for resolving potential circular references
  DEBUG main org.springframework.beans.factory.support.DefaultListableBeanFactory - Finished creating instance of bean 'terminatorTriggerBizDalDatasource'
  DEBUG main org.springframework.beans.factory.support.DefaultListableBeanFactory - Creating instance of bean 'org.springframework.orm.ibatis.SqlMapClientFactoryBean#52af6cff'
  DEBUG main org.springframework.beans.factory.support.DefaultListableBeanFactory - Invoking afterPropertiesSet() on bean with name 'org.springframework.orm.ibatis.SqlMapClientFactoryBean#52af6cff'
  DEBUG main org.springframework.beans.factory.support.DefaultListableBeanFactory - Finished creating instance of bean 'org.springframework.orm.ibatis.SqlMapClientFactoryBean#52af6cff'
  DEBUG main org.springframework.beans.factory.support.DefaultListableBeanFactory - Invoking afterPropertiesSet() on bean with name 'hdfsIndexDAO'
  DEBUG main org.springframework.beans.factory.support.DefaultListableBeanFactory - Finished creating instance of bean 'hdfsIndexDAO'
  DEBUG main org.springframework.beans.factory.support.DefaultListableBeanFactory - Creating shared instance of singleton bean 'triggerJobDAO'
  DEBUG main org.springframework.beans.factory.support.DefaultListableBeanFactory - Creating instance of bean 'triggerJobDAO'
  DEBUG main org.springframework.beans.factory.support.DefaultListableBeanFactory - Eagerly caching bean 'triggerJobDAO' to allow for resolving potential circular references
  DEBUG main org.springframework.beans.factory.support.DefaultListableBeanFactory - Returning cached instance of singleton bean 'terminatorTriggerBizDalDatasource'
  DEBUG main org.springframework.beans.factory.support.DefaultListableBeanFactory - Creating instance of bean 'org.springframework.orm.ibatis.SqlMapClientFactoryBean#52af6cff#1'
  DEBUG main org.springframework.beans.factory.support.DefaultListableBeanFactory - Invoking afterPropertiesSet() on bean with name 'org.springframework.orm.ibatis.SqlMapClientFactoryBean#52af6cff#1'
  DEBUG main org.springframework.beans.factory.support.DefaultListableBeanFactory - Finished creating instance of bean 'org.springframework.orm.ibatis.SqlMapClientFactoryBean#52af6cff#1'
  DEBUG main org.springframework.beans.factory.support.DefaultListableBeanFactory - Invoking afterPropertiesSet() on bean with name 'triggerJobDAO'
  DEBUG main org.springframework.beans.factory.support.DefaultListableBeanFactory - Finished creating instance of bean 'triggerJobDAO'
  DEBUG main org.springframework.beans.factory.support.DefaultListableBeanFactory - Creating shared instance of singleton bean 'taskExecLogDAO'
  DEBUG main org.springframework.beans.factory.support.DefaultListableBeanFactory - Creating instance of bean 'taskExecLogDAO'
  DEBUG main org.springframework.beans.factory.support.DefaultListableBeanFactory - Eagerly caching bean 'taskExecLogDAO' to allow for resolving potential circular references
  DEBUG main org.springframework.beans.factory.support.DefaultListableBeanFactory - Returning cached instance of singleton bean 'terminatorTriggerBizDalDatasource'
  DEBUG main org.springframework.beans.factory.support.DefaultListableBeanFactory - Creating instance of bean 'org.springframework.orm.ibatis.SqlMapClientFactoryBean#52af6cff#2'
  DEBUG main org.springframework.beans.factory.support.DefaultListableBeanFactory - Invoking afterPropertiesSet() on bean with name 'org.springframework.orm.ibatis.SqlMapClientFactoryBean#52af6cff#2'
  DEBUG main org.springframework.beans.factory.support.DefaultListableBeanFactory - Finished creating instance of bean 'org.springframework.orm.ibatis.SqlMapClientFactoryBean#52af6cff#2'
  DEBUG main org.springframework.beans.factory.support.DefaultListableBeanFactory - Invoking afterPropertiesSet() on bean with name 'taskExecLogDAO'
  DEBUG main org.springframework.beans.factory.support.DefaultListableBeanFactory - Finished creating instance of bean 'taskExecLogDAO'
  DEBUG main org.springframework.beans.factory.support.DefaultListableBeanFactory - Creating shared instance of singleton bean 'taskDAO'
  DEBUG main org.springframework.beans.factory.support.DefaultListableBeanFactory - Creating instance of bean 'taskDAO'
  DEBUG main org.springframework.beans.factory.support.DefaultListableBeanFactory - Eagerly caching bean 'taskDAO' to allow for resolving potential circular references
  DEBUG main org.springframework.beans.factory.support.DefaultListableBeanFactory - Returning cached instance of singleton bean 'terminatorTriggerBizDalDatasource'
  DEBUG main org.springframework.beans.factory.support.DefaultListableBeanFactory - Creating instance of bean 'org.springframework.orm.ibatis.SqlMapClientFactoryBean#52af6cff#3'
  DEBUG main org.springframework.beans.factory.support.DefaultListableBeanFactory - Invoking afterPropertiesSet() on bean with name 'org.springframework.orm.ibatis.SqlMapClientFactoryBean#52af6cff#3'
  DEBUG main org.springframework.beans.factory.support.DefaultListableBeanFactory - Finished creating instance of bean 'org.springframework.orm.ibatis.SqlMapClientFactoryBean#52af6cff#3'
  DEBUG main org.springframework.beans.factory.support.DefaultListableBeanFactory - Invoking afterPropertiesSet() on bean with name 'taskDAO'
  DEBUG main org.springframework.beans.factory.support.DefaultListableBeanFactory - Finished creating instance of bean 'taskDAO'
  DEBUG main org.springframework.beans.factory.support.DefaultListableBeanFactory - Creating shared instance of singleton bean 'terminatorTriggerBizDalDaoFacade'
  DEBUG main org.springframework.beans.factory.support.DefaultListableBeanFactory - Creating instance of bean 'terminatorTriggerBizDalDaoFacade'
  DEBUG main org.springframework.beans.factory.support.DefaultListableBeanFactory - Returning cached instance of singleton bean 'triggerJobDAO'
  DEBUG main org.springframework.beans.factory.support.DefaultListableBeanFactory - Returning cached instance of singleton bean 'taskExecLogDAO'
  DEBUG main org.springframework.beans.factory.support.DefaultListableBeanFactory - Returning cached instance of singleton bean 'taskDAO'
  DEBUG main org.springframework.beans.factory.support.DefaultListableBeanFactory - Eagerly caching bean 'terminatorTriggerBizDalDaoFacade' to allow for resolving potential circular references
  DEBUG main org.springframework.beans.factory.support.DefaultListableBeanFactory - Finished creating instance of bean 'terminatorTriggerBizDalDaoFacade'
  DEBUG main org.springframework.beans.factory.support.DefaultListableBeanFactory - Creating shared instance of singleton bean 'jobMetaDataDAO'
  DEBUG main org.springframework.beans.factory.support.DefaultListableBeanFactory - Creating instance of bean 'jobMetaDataDAO'
  DEBUG main org.springframework.beans.factory.support.DefaultListableBeanFactory - Eagerly caching bean 'jobMetaDataDAO' to allow for resolving potential circular references
  DEBUG main org.springframework.beans.factory.support.DefaultListableBeanFactory - Creating shared instance of singleton bean 'endSearchDatasource'
  DEBUG main org.springframework.beans.factory.support.DefaultListableBeanFactory - Creating instance of bean 'endSearchDatasource'
  DEBUG main org.springframework.beans.factory.support.DefaultListableBeanFactory - Eagerly caching bean 'endSearchDatasource' to allow for resolving potential circular references
  DEBUG main org.springframework.beans.factory.support.DefaultListableBeanFactory - Finished creating instance of bean 'endSearchDatasource'
  DEBUG main org.springframework.beans.factory.support.DefaultListableBeanFactory - Invoking afterPropertiesSet() on bean with name 'jobMetaDataDAO'
  DEBUG main org.springframework.beans.factory.support.DefaultListableBeanFactory - Finished creating instance of bean 'jobMetaDataDAO'
  DEBUG main org.springframework.beans.factory.support.DefaultListableBeanFactory - Returning cached instance of singleton bean 'endSearchDatasource'
  DEBUG main org.springframework.beans.factory.support.DefaultListableBeanFactory - Returning cached instance of singleton bean 'terminatorTriggerBizDalDatasource'
  DEBUG main org.springframework.context.support.ClassPathXmlApplicationContext - Unable to locate LifecycleProcessor with name 'lifecycleProcessor': using default [org.springframework.context.support.DefaultLifecycleProcessor@51b7e5df]
  DEBUG main org.springframework.beans.factory.support.DefaultListableBeanFactory - Returning cached instance of singleton bean 'lifecycleProcessor'
  DEBUG main org.springframework.beans.factory.support.DefaultListableBeanFactory - Returning cached instance of singleton bean 'jobMetaDataDAO'
  DEBUG main org.springframework.jdbc.datasource.DataSourceUtils - Fetching JDBC Connection from DataSource
  DEBUG main org.springframework.beans.factory.support.DefaultListableBeanFactory - Returning cached instance of singleton bean 'terminatorTriggerBizDalDaoFacade'
  DEBUG main org.springframework.orm.ibatis.SqlMapClientTemplate - Opened SqlMapSession [com.ibatis.sqlmap.engine.impl.SqlMapSessionImpl@4df50bcc] for iBATIS operation
  DEBUG main org.springframework.jdbc.datasource.DataSourceUtils - Fetching JDBC Connection from DataSource
  INFO main org.springframework.context.support.ClassPathXmlApplicationContext - Refreshing org.springframework.context.support.ClassPathXmlApplicationContext@1a04f701: startup date [Tue Feb 28 12:07:18 CST 2017]; root of context hierarchy
  INFO main org.springframework.beans.factory.xml.XmlBeanDefinitionReader - Loading XML bean definitions from class path resource [conf/terminatorTriggerBizDal-dao-context.xml]
  DEBUG main org.springframework.beans.factory.xml.DefaultDocumentLoader - Using JAXP provider [com.sun.org.apache.xerces.internal.jaxp.DocumentBuilderFactoryImpl]
  DEBUG main org.springframework.beans.factory.xml.BeansDtdResolver - Found beans DTD [http://www.springframework.org/dtd/spring-beans.dtd] in classpath: spring-beans.dtd
  DEBUG main org.springframework.beans.factory.xml.DefaultBeanDefinitionDocumentReader - Loading bean definitions
  DEBUG main org.springframework.beans.factory.xml.BeanDefinitionParserDelegate - Neither XML 'id' nor 'name' specified - using generated bean name [org.springframework.orm.ibatis.SqlMapClientFactoryBean#56de5251]
  DEBUG main org.springframework.beans.factory.xml.XmlBeanDefinitionReader - Loaded 6 bean definitions from location pattern [/conf/terminatorTriggerBizDal-dao-context.xml]
  INFO main org.springframework.beans.factory.xml.XmlBeanDefinitionReader - Loading XML bean definitions from class path resource [jobtrigger-datasource-context.xml]
  DEBUG main org.springframework.beans.factory.xml.DefaultDocumentLoader - Using JAXP provider [com.sun.org.apache.xerces.internal.jaxp.DocumentBuilderFactoryImpl]
  DEBUG main org.springframework.beans.factory.xml.BeansDtdResolver - Found beans DTD [http://www.springframework.org/dtd/spring-beans.dtd] in classpath: spring-beans.dtd
  DEBUG main org.springframework.beans.factory.xml.DefaultBeanDefinitionDocumentReader - Loading bean definitions
  DEBUG main org.springframework.beans.factory.xml.XmlBeanDefinitionReader - Loaded 1 bean definitions from location pattern [/jobtrigger-datasource-context.xml]
  DEBUG main org.springframework.context.support.ClassPathXmlApplicationContext - Bean factory for org.springframework.context.support.ClassPathXmlApplicationContext@1a04f701: org.springframework.beans.factory.support.DefaultListableBeanFactory@71b1176b: defining beans [hdfsIndexDAO,triggerJobDAO,taskExecLogDAO,taskDAO,terminatorTriggerBizDalDAO,terminatorTriggerBizDalDaoFacade,terminatorTriggerBizDalDatasource]; root of factory hierarchy
  DEBUG main org.springframework.context.support.ClassPathXmlApplicationContext - Unable to locate MessageSource with name 'messageSource': using default [org.springframework.context.support.DelegatingMessageSource@647fd8ce]
  DEBUG main org.springframework.context.support.ClassPathXmlApplicationContext - Unable to locate ApplicationEventMulticaster with name 'applicationEventMulticaster': using default [org.springframework.context.event.SimpleApplicationEventMulticaster@159f197]
  INFO main org.springframework.beans.factory.support.DefaultListableBeanFactory - Pre-instantiating singletons in org.springframework.beans.factory.support.DefaultListableBeanFactory@71b1176b: defining beans [hdfsIndexDAO,triggerJobDAO,taskExecLogDAO,taskDAO,terminatorTriggerBizDalDAO,terminatorTriggerBizDalDaoFacade,terminatorTriggerBizDalDatasource]; root of factory hierarchy
  DEBUG main org.springframework.beans.factory.support.DefaultListableBeanFactory - Creating shared instance of singleton bean 'hdfsIndexDAO'
  DEBUG main org.springframework.beans.factory.support.DefaultListableBeanFactory - Creating instance of bean 'hdfsIndexDAO'
  DEBUG main org.springframework.beans.factory.support.DefaultListableBeanFactory - Eagerly caching bean 'hdfsIndexDAO' to allow for resolving potential circular references
  DEBUG main org.springframework.beans.factory.support.DefaultListableBeanFactory - Creating shared instance of singleton bean 'terminatorTriggerBizDalDatasource'
  DEBUG main org.springframework.beans.factory.support.DefaultListableBeanFactory - Creating instance of bean 'terminatorTriggerBizDalDatasource'
  DEBUG main org.springframework.beans.factory.support.DefaultListableBeanFactory - Eagerly caching bean 'terminatorTriggerBizDalDatasource' to allow for resolving potential circular references
  DEBUG main org.springframework.beans.factory.support.DefaultListableBeanFactory - Finished creating instance of bean 'terminatorTriggerBizDalDatasource'
  DEBUG main org.springframework.beans.factory.support.DefaultListableBeanFactory - Creating instance of bean 'org.springframework.orm.ibatis.SqlMapClientFactoryBean#56de5251'
  DEBUG main org.springframework.beans.factory.support.DefaultListableBeanFactory - Invoking afterPropertiesSet() on bean with name 'org.springframework.orm.ibatis.SqlMapClientFactoryBean#56de5251'
  DEBUG main org.springframework.beans.factory.support.DefaultListableBeanFactory - Finished creating instance of bean 'org.springframework.orm.ibatis.SqlMapClientFactoryBean#56de5251'
  DEBUG main org.springframework.beans.factory.support.DefaultListableBeanFactory - Invoking afterPropertiesSet() on bean with name 'hdfsIndexDAO'
  DEBUG main org.springframework.beans.factory.support.DefaultListableBeanFactory - Finished creating instance of bean 'hdfsIndexDAO'
  DEBUG main org.springframework.beans.factory.support.DefaultListableBeanFactory - Creating shared instance of singleton bean 'triggerJobDAO'
  DEBUG main org.springframework.beans.factory.support.DefaultListableBeanFactory - Creating instance of bean 'triggerJobDAO'
  DEBUG main org.springframework.beans.factory.support.DefaultListableBeanFactory - Eagerly caching bean 'triggerJobDAO' to allow for resolving potential circular references
  DEBUG main org.springframework.beans.factory.support.DefaultListableBeanFactory - Returning cached instance of singleton bean 'terminatorTriggerBizDalDatasource'
  DEBUG main org.springframework.beans.factory.support.DefaultListableBeanFactory - Creating instance of bean 'org.springframework.orm.ibatis.SqlMapClientFactoryBean#56de5251#1'
  DEBUG main org.springframework.beans.factory.support.DefaultListableBeanFactory - Invoking afterPropertiesSet() on bean with name 'org.springframework.orm.ibatis.SqlMapClientFactoryBean#56de5251#1'
  DEBUG main org.springframework.beans.factory.support.DefaultListableBeanFactory - Finished creating instance of bean 'org.springframework.orm.ibatis.SqlMapClientFactoryBean#56de5251#1'
  DEBUG main org.springframework.beans.factory.support.DefaultListableBeanFactory - Invoking afterPropertiesSet() on bean with name 'triggerJobDAO'
  DEBUG main org.springframework.beans.factory.support.DefaultListableBeanFactory - Finished creating instance of bean 'triggerJobDAO'
  DEBUG main org.springframework.beans.factory.support.DefaultListableBeanFactory - Creating shared instance of singleton bean 'taskExecLogDAO'
  DEBUG main org.springframework.beans.factory.support.DefaultListableBeanFactory - Creating instance of bean 'taskExecLogDAO'
  DEBUG main org.springframework.beans.factory.support.DefaultListableBeanFactory - Eagerly caching bean 'taskExecLogDAO' to allow for resolving potential circular references
  DEBUG main org.springframework.beans.factory.support.DefaultListableBeanFactory - Returning cached instance of singleton bean 'terminatorTriggerBizDalDatasource'
  DEBUG main org.springframework.beans.factory.support.DefaultListableBeanFactory - Creating instance of bean 'org.springframework.orm.ibatis.SqlMapClientFactoryBean#56de5251#2'
  DEBUG main org.springframework.beans.factory.support.DefaultListableBeanFactory - Invoking afterPropertiesSet() on bean with name 'org.springframework.orm.ibatis.SqlMapClientFactoryBean#56de5251#2'
  DEBUG main org.springframework.beans.factory.support.DefaultListableBeanFactory - Finished creating instance of bean 'org.springframework.orm.ibatis.SqlMapClientFactoryBean#56de5251#2'
  DEBUG main org.springframework.beans.factory.support.DefaultListableBeanFactory - Invoking afterPropertiesSet() on bean with name 'taskExecLogDAO'
  DEBUG main org.springframework.beans.factory.support.DefaultListableBeanFactory - Finished creating instance of bean 'taskExecLogDAO'
  DEBUG main org.springframework.beans.factory.support.DefaultListableBeanFactory - Creating shared instance of singleton bean 'taskDAO'
  DEBUG main org.springframework.beans.factory.support.DefaultListableBeanFactory - Creating instance of bean 'taskDAO'
  DEBUG main org.springframework.beans.factory.support.DefaultListableBeanFactory - Eagerly caching bean 'taskDAO' to allow for resolving potential circular references
  DEBUG main org.springframework.beans.factory.support.DefaultListableBeanFactory - Returning cached instance of singleton bean 'terminatorTriggerBizDalDatasource'
  DEBUG main org.springframework.beans.factory.support.DefaultListableBeanFactory - Creating instance of bean 'org.springframework.orm.ibatis.SqlMapClientFactoryBean#56de5251#3'
  DEBUG main org.springframework.beans.factory.support.DefaultListableBeanFactory - Invoking afterPropertiesSet() on bean with name 'org.springframework.orm.ibatis.SqlMapClientFactoryBean#56de5251#3'
  DEBUG main org.springframework.beans.factory.support.DefaultListableBeanFactory - Finished creating instance of bean 'org.springframework.orm.ibatis.SqlMapClientFactoryBean#56de5251#3'
  DEBUG main org.springframework.beans.factory.support.DefaultListableBeanFactory - Invoking afterPropertiesSet() on bean with name 'taskDAO'
  DEBUG main org.springframework.beans.factory.support.DefaultListableBeanFactory - Finished creating instance of bean 'taskDAO'
  DEBUG main org.springframework.beans.factory.support.DefaultListableBeanFactory - Creating shared instance of singleton bean 'terminatorTriggerBizDalDaoFacade'
  DEBUG main org.springframework.beans.factory.support.DefaultListableBeanFactory - Creating instance of bean 'terminatorTriggerBizDalDaoFacade'
  DEBUG main org.springframework.beans.factory.support.DefaultListableBeanFactory - Returning cached instance of singleton bean 'triggerJobDAO'
  DEBUG main org.springframework.beans.factory.support.DefaultListableBeanFactory - Returning cached instance of singleton bean 'taskExecLogDAO'
  DEBUG main org.springframework.beans.factory.support.DefaultListableBeanFactory - Returning cached instance of singleton bean 'taskDAO'
  DEBUG main org.springframework.beans.factory.support.DefaultListableBeanFactory - Eagerly caching bean 'terminatorTriggerBizDalDaoFacade' to allow for resolving potential circular references
  DEBUG main org.springframework.beans.factory.support.DefaultListableBeanFactory - Finished creating instance of bean 'terminatorTriggerBizDalDaoFacade'
  DEBUG main org.springframework.beans.factory.support.DefaultListableBeanFactory - Returning cached instance of singleton bean 'terminatorTriggerBizDalDatasource'
  DEBUG main org.springframework.context.support.ClassPathXmlApplicationContext - Unable to locate LifecycleProcessor with name 'lifecycleProcessor': using default [org.springframework.context.support.DefaultLifecycleProcessor@10e92f8f]
  DEBUG main org.springframework.beans.factory.support.DefaultListableBeanFactory - Returning cached instance of singleton bean 'lifecycleProcessor'
  DEBUG main org.springframework.beans.factory.support.DefaultListableBeanFactory - Returning cached instance of singleton bean 'terminatorTriggerBizDalDaoFacade'
  DEBUG main org.springframework.orm.ibatis.SqlMapClientTemplate - Opened SqlMapSession [com.ibatis.sqlmap.engine.impl.SqlMapSessionImpl@7ce3cb8e] for iBATIS operation
  DEBUG main org.springframework.jdbc.datasource.DataSourceUtils - Fetching JDBC Connection from DataSource
  